<?xml version="1.0" encoding="UTF-8"?>
<testsuite xmlns:xsi="http://www.w3.org/2001/XMLSchema-instance" xsi:noNamespaceSchemaLocation="https://maven.apache.org/surefire/maven-surefire-plugin/xsd/surefire-test-report.xsd" name="CLITwitter.CommandHandlerTest" time="0.387" tests="6" errors="0" skipped="0" failures="0">
  <properties>
[...]
</properties>
  <testcase name="post_message_to_wall" classname="CLITwitter.CommandHandlerTest" time="0.381"/>
  <testcase name="read_a_message_for_user" classname="CLITwitter.CommandHandlerTest" time="0.001"/>
  <testcase name="post_message_with_new_user" classname="CLITwitter.CommandHandlerTest" time="0.001"/>
  <testcase name="read_two_messages_for_user" classname="CLITwitter.CommandHandlerTest" time="0.001"/>
  <testcase name="get_wall_for_a_user" classname="CLITwitter.CommandHandlerTest" time="0.002"/>
  <testcase name="charlie_follows_bob" classname="CLITwitter.CommandHandlerTest" time="0.001"/>
</testsuite>